<?xml version="1.0" encoding="UTF-8"?>
<!-- Generated by org.testng.reporters.JUnitReportReporter -->
<testsuite hostname="LTIN440611" failures="0" tests="2" name="com.qa.gpp.tests.HomePageTest" time="0.137" errors="0" timestamp="2024-06-05T11:40:41 IST" skipped="0">
  <testcase classname="com.qa.gpp.tests.HomePageTest" name="logoExist" time="0.109"/>
  <system-out/>
  <testcase classname="com.qa.gpp.tests.HomePageTest" name="homePageTitle" time="0.028"/>
  <system-out/>
</testsuite> <!-- com.qa.gpp.tests.HomePageTest -->
